<component name="libraryTable">
  <library name="junit-4.12">
    <CLASSES>
      <root url="jar://$USER_HOME$/Documents/baidu/1.尚硅谷全套JAVA教程--基础必备（67.32GB）/尚硅谷Java入门教程，java电子书+Java面试真题（2023新版）/06_软件与资料/05-资料/junit-libs/junit-4.12.jar!/" />
    </CLASSES>
    <JAVADOC />
    <SOURCES />
  </library>
</component>